0 0
500 0.394434
1000 0.787046
1500 1.17693
2000 1.56601
2500 1.95504
3000 2.32243
3500 2.2622
4000 3.08363
4500 3.43154
5000 3.82276
5500 4.21443
6000 3.93914
6500 4.94326
7000 9.92845
7500 5.65419
8000 11.2786
8500 11.8129
9000 6.71399
9500 7.05011
10000 7.3501
10500 14.275
11000 8.11451
11500 8.42496
12000 8.76433
12500 9.10036
13000 17.1603
13500 9.77051
14000 18.1868
14500 1.57417
15000 10.7459
15500 11.111
16000 11.3766
16500 11.7188
17000 11.9605
17500 21.9114
18000 12.6844
18500 12.9759
19000 13.2128
19500 13.5767
20000 13.8713
20500 24.9557
21000 25.2801
21500 14.7927
22000 15.1118
22500 15.4916
23000 15.7486
23500 16.0464
24000 16.3184
24500 16.6745
25000 16.8828
25500 17.1434
26000 17.5226
26500 17.734
27000 18.0167
27500 18.3048
28000 7.67036
28500 2.08185
29000 19.1009
29500 32.8141
30000 19.7128
