0 0
500 0.392326
1000 0.783464
1500 1.17547
2000 1.5602
2500 1.94461
3000 4.49704
3500 2.70357
4000 3.0806
4500 3.45918
5000 3.84033
5500 4.19481
6000 3.85571
6500 4.93886
7000 5.29674
7500 5.62502
8000 6.01314
8500 6.35093
9000 6.67037
9500 7.03344
10000 13.6122
10500 7.71564
11000 8.02839
11500 8.42852
12000 8.69448
12500 9.06947
13000 9.40369
13500 9.77221
14000 10.1255
14500 10.4242
15000 10.7567
15500 11.0821
16000 11.4272
16500 10.2417
17000 12.0525
17500 12.3506
18000 12.6781
18500 12.9509
19000 13.3365
19500 13.5842
20000 13.9071
