a.out: error while loading shared libraries: libmpi_cxx.so.40: cannot open shared object file: No such file or directory
--------------------------------------------------------------------------
Primary job  terminated normally, but 1 process returned
a non-zero exit code. Per user-direction, the job has been aborted.
--------------------------------------------------------------------------
a.out: error while loading shared libraries: libmpi_cxx.so.40: cannot open shared object file: No such file or directory
a.out: error while loading shared libraries: libmpi_cxx.so.40: cannot open shared object file: No such file or directory
--------------------------------------------------------------------------
Primary job  terminated normally, but 1 process returned
a non-zero exit code. Per user-direction, the job has been aborted.
--------------------------------------------------------------------------
a.out: error while loading shared libraries: libmpi_cxx.so.40: cannot open shared object file: No such file or directory
a.out: error while loading shared libraries: libmpi_cxx.so.40: cannot open shared object file: No such file or directory
--------------------------------------------------------------------------
Primary job  terminated normally, but 1 process returned
a non-zero exit code. Per user-direction, the job has been aborted.
--------------------------------------------------------------------------
a.out: error while loading shared libraries: libmpi_cxx.so.40: cannot open shared object file: No such file or directory
a.out: error while loading shared libraries: libmpi_cxx.so.40: cannot open shared object file: No such file or directory
--------------------------------------------------------------------------
Primary job  terminated normally, but 1 process returned
a non-zero exit code. Per user-direction, the job has been aborted.
--------------------------------------------------------------------------
a.out: error while loading shared libraries: libmpi_cxx.so.40: cannot open shared object file: No such file or directory
a.out: error while loading shared libraries: libmpi_cxx.so.40: cannot open shared object file: No such file or directory
--------------------------------------------------------------------------
Primary job  terminated normally, but 1 process returned
a non-zero exit code. Per user-direction, the job has been aborted.
--------------------------------------------------------------------------
a.out: error while loading shared libraries: libmpi_cxx.so.40: cannot open shared object file: No such file or directory
a.out: error while loading shared libraries: libmpi_cxx.so.40: cannot open shared object file: No such file or directory
--------------------------------------------------------------------------
Primary job  terminated normally, but 1 process returned
a non-zero exit code. Per user-direction, the job has been aborted.
--------------------------------------------------------------------------
a.out: error while loading shared libraries: libmpi_cxx.so.40: cannot open shared object file: No such file or directory
a.out: error while loading shared libraries: libmpi_cxx.so.40: cannot open shared object file: No such file or directory
--------------------------------------------------------------------------
Primary job  terminated normally, but 1 process returned
a non-zero exit code. Per user-direction, the job has been aborted.
--------------------------------------------------------------------------
a.out: error while loading shared libraries: libmpi_cxx.so.40: cannot open shared object file: No such file or directory
a.out: error while loading shared libraries: libmpi_cxx.so.40: cannot open shared object file: No such file or directory
--------------------------------------------------------------------------
Primary job  terminated normally, but 1 process returned
a non-zero exit code. Per user-direction, the job has been aborted.
--------------------------------------------------------------------------
a.out: error while loading shared libraries: libmpi_cxx.so.40: cannot open shared object file: No such file or directory
a.out: error while loading shared libraries: libmpi_cxx.so.40: cannot open shared object file: No such file or directory
--------------------------------------------------------------------------
Primary job  terminated normally, but 1 process returned
a non-zero exit code. Per user-direction, the job has been aborted.
--------------------------------------------------------------------------
a.out: error while loading shared libraries: libmpi_cxx.so.40: cannot open shared object file: No such file or directory
a.out: error while loading shared libraries: libmpi_cxx.so.40: cannot open shared object file: No such file or directory
--------------------------------------------------------------------------
Primary job  terminated normally, but 1 process returned
a non-zero exit code. Per user-direction, the job has been aborted.
--------------------------------------------------------------------------
a.out: error while loading shared libraries: libmpi_cxx.so.40: cannot open shared object file: No such file or directory
--------------------------------------------------------------------------
mpirun detected that one or more processes exited with non-zero status, thus causing
the job to be terminated. The first process to do so was:

  Process name: [[27895,1],0]
  Exit code:    127
--------------------------------------------------------------------------
